Module 1.1
ERROR (Due to Human mistake)
    ‚Üì
DEFECT/BUG (Usually In code)
    ‚Üì
FAILURE (A System crash or wrong output from an Application)

Real World Example:
ERROR: Developer types "if (age > 18)" instead of "if (age >= 18)" while coding an application
DEFECT: Code contains wrong logic
FAILURE: 18-year-old users can't register in the Application(Could result to Revenue losses, etc)

VERIFICATION: "Are we building the product right?"
- Reviews, inspections, walkthroughs
- Checks process compliance
- Example: Code review to check coding standards

VALIDATION: "Are we building the right product?"
- Actual testing against business requirements
- End-user perspective
- Example: Testing to ensure the "login" feature works as Users expect

QA vs QC(Diff)
QA (Process-oriented):
- Proactive
- Preventing defects
- Process improvement
- Example: Creating test standards, code review checklists

QC (Product-oriented):
- Reactive
- Finding defects
- Testing actual product
- Example: Executing test cases, reporting bugs

Module 1.2: Software Development Life Cycle (60 min)
Key SDLC Models
1. Waterfall Model

Requirements ‚Üí Design ‚Üí Development ‚Üí Testing ‚Üí Deployment ‚Üí Maintenance
     ‚Üì           ‚Üì           ‚Üì            ‚Üì          ‚Üì
   (Sequential - each phase completes before next begins)
Usage: Regulated industries e.g Healthcare, Government etc
QA Entry Point: After development completes
Pros: Clear documentation, structured
Cons: Late bug discovery, inflexible to changes

2. Agile/Scrum Model 
Sprint Planning ‚Üí Development + Testing ‚Üí Review ‚Üí Retrospective
        ‚Üì                                    ‚Üë
        ‚îî‚îÄ‚îÄ‚îÄ‚îÄ‚îÄ‚îÄ‚îÄ‚îÄ‚îÄ‚îÄ‚îÄ‚îÄ‚îÄ‚îÄ‚îÄ (Repeat) ‚îÄ‚îÄ‚îÄ‚îÄ‚îÄ‚îÄ‚îÄ‚îÄ‚îÄ‚îÄ‚îò
        
Sprints last = 2-4 weeks of work (Total Project SDLC timeline broken down into Sprints)
Real-World Agile Sprint Example:
Day 1-2: Sprint Planning
- User story: "As a user, I want to login with email and password"
- Acceptance criteria defined
- QA reviews requirements, asks questions

Day 3-8: Development + Testing (Parallel)
- Developer codes login feature
- QA writes test cases
- QA tests each completed component
- Daily standup: "I'm testing login API, found 2 bugs"

Day 9: Sprint Review
- Demo to stakeholders
- QA presents test results: 45 test cases, 5 bugs found, 4 fixed

Day 10: Retrospective
- What went well: Early QA involvement caught design issues
- What to improve: Need better test data management

V-Model (Common in regulated industries)
Requirements ‚Üê‚Üí Acceptance Testing
     ‚Üì                    ‚Üë
System Design ‚Üê‚Üí System Testing
     ‚Üì                    ‚Üë
Detailed Design ‚Üê‚Üí Integration Testing
     ‚Üì                    ‚Üë
Coding ‚Üê‚Üí Unit Testing

Module 1.3: Testing Levels (45 min)
1. Unit Testing (Developer responsibility, but QA should understand)
# What it looks like
def calculate_total(price, quantity, discount):
    """Calculate order total with discount"""
    subtotal = price * quantity
    return subtotal - (subtotal * discount / 100)

# Unit test
def test_calculate_total():
    assert calculate_total(100, 2, 10) == 180  # 200 - 10% = 180
    assert calculate_total(50, 1, 0) == 50      # No discount
    assert calculate_total(100, 0, 10) == 0     # Zero quantity
```

**What QA tests here:** 
- Review unit test coverage reports
- Suggest edge cases developers might miss
- Verify critical business logic has unit tests

---

#### **2. Integration Testing** (QA heavily involved)

**Real Example: E-commerce Checkout**
```
Component A: Shopping Cart
Component B: Payment Gateway  
Component C: Inventory System
Component D: Email Service

Integration Test Scenarios:
1. Cart sends order to Payment Gateway
   - Test: Does total amount match?
   - Test: Are all items included?

2. Payment Gateway confirms payment
   - Test: Does Inventory get reduced?
   - Test: Does confirmation email send?

3. Failed payment scenario
   - Test: Is cart preserved?
   - Test: Is inventory NOT reduced?
   - Test: Does error email send?
```

**Common Integration Bugs:**
- Data format mismatch (Cart sends "$100.00", API expects 10000 cents)
- Timing issues (Email sends before payment confirms)
- Missing error handling (API timeout not handled)

---

#### **3. System Testing** (QA primary responsibility)

**Testing entire application end-to-end**

**Example: Online Banking System Test**
```
Test Scenario: Fund Transfer

Preconditions:
- User A has account with $1000
- User B has account with $500

Test Steps:
1. Login as User A
2. Navigate to Transfer Money
3. Enter User B's account number
4. Enter amount: $200
5. Enter password for confirmation
6. Submit transfer

Expected Results:
‚úì Transfer confirmation message appears
‚úì User A balance: $800
‚úì User B balance: $700
‚úì Transaction appears in both histories
‚úì Email sent to both users
‚úì Transaction ID generated

Verify also:
‚úó Can't transfer more than available balance
‚úó Can't transfer to invalid account
‚úó Can't transfer negative amounts
‚úó Session timeout works during transfer
```

---

#### **4. Acceptance Testing** (Business validation)

**Types:**

**User Acceptance Testing (UAT):**
```
Real users test in production-like environment

Example: New search feature
- Marketing team tests: "Can I search by brand?"
- Sales team tests: "Can I filter by price range?"
- Customer support tests: "Are results relevant?"

Pass criteria: 90% of users say "Yes, this works for my needs"
```

**Alpha Testing:**
- Internal company users test
- Office environment
- Developers present to fix bugs immediately

**Beta Testing:**
```
Example: Mobile App Beta Program

Phase 1: Closed Beta (100 users)
- Controlled group
- Active feedback collection
- Week 1-2

Phase 2: Open Beta (10,000 users)
- Public can join
- Gather crash reports, feedback
- Week 3-6

Metrics tracked:
- Crash rate
- User retention
- Feature usage
- Bug reports
```

---

### **Module 1.4: Bug Life Cycle (45 min)**

**Complete Bug Journey:**
```
    NEW
     ‚Üì
  ASSIGNED (to developer)
     ‚Üì
   OPEN (developer starts work)
     ‚Üì
  FIXED (developer claims fixed)
     ‚Üì
  RETEST (QA tests again)
     ‚Üì
VERIFIED (QA confirms fixed) or REOPENED (still broken)
     ‚Üì
  CLOSED (released to production)

Alternative paths:
REJECTED (not a bug)
DEFERRED (fix later)
DUPLICATE (already reported)
```

**Real Bug Life Cycle Example:**

**Day 1 - Monday:**
```
Status: NEW
Bug ID: SHOP-1234
Title: Cart total shows $0 when adding items
Severity: Critical
Priority: High
Found by: QA Engineer Sarah
Environment: Chrome 120, Windows 11, Dev environment

Steps to Reproduce:
1. Go to homepage
2. Add "Blue T-Shirt" to cart
3. Click cart icon
4. Observe total

Expected: Total shows $29.99
Actual: Total shows $0.00

Screenshot: attached
```

**Day 1 - Afternoon:**
```
Status: ASSIGNED
Assigned to: Developer Mike
Comments by Mike: "Looking into this, seems like frontend isn't receiving price from API"
```

**Day 2 - Tuesday:**
```
Status: OPEN
Comment by Mike: "Found the issue - API response missing 'price' field when variant_id is null. Fixing now."
```

**Day 2 - Evening:**
```
Status: FIXED
Comment by Mike: "Fixed in PR #4567. Added null check for variant_id. Ready for retest."
Fixed in: Branch feature/cart-fix
```

**Day 3 - Wednesday:**
```
Status: RETEST
Comment by Sarah: "Testing fix in dev environment"

Test Results:
‚úì Cart total correct for single item
‚úì Cart total correct for multiple items
‚úì Cart handles out of stock items
‚úì Cart persists on page refresh

Status: VERIFIED
Comment by Sarah: "All test cases passing. Ready for release."
```

**Day 5 - Friday (after release):**
```
Status: CLOSED
Comment: "Released in version 2.1.4 to production on 2025-01-15"
```

---

**Alternative Path Example - Rejected Bug:**
```
Bug: "Logo is 2 pixels off-center"

Developer response: "Working as designed. Logo positioning follows brand guidelines from design team."

QA response: "Checked with design team. Confirmed this is intentional. Closing as NOT A BUG."

Status: REJECTED
```

---

### **Module 1.5: Bug Severity vs Priority (30 min)**

**Critical Matrix:**
```
                HIGH PRIORITY          LOW PRIORITY
              ‚îå‚îÄ‚îÄ‚îÄ‚îÄ‚îÄ‚îÄ‚îÄ‚îÄ‚îÄ‚îÄ‚îÄ‚îÄ‚îÄ‚îÄ‚îÄ‚îÄ‚îÄ‚îÄ‚îÄ‚îÄ‚îÄ‚îÄ‚î¨‚îÄ‚îÄ‚îÄ‚îÄ‚îÄ‚îÄ‚îÄ‚îÄ‚îÄ‚îÄ‚îÄ‚îÄ‚îÄ‚îÄ‚îÄ‚îÄ‚îÄ‚îê
CRITICAL      ‚îÇ P0: Drop everything  ‚îÇ P2: Important   ‚îÇ
SEVERITY      ‚îÇ (App crashes)        ‚îÇ (Typo on        ‚îÇ
              ‚îÇ                      ‚îÇ  homepage)       ‚îÇ
              ‚îú‚îÄ‚îÄ‚îÄ‚îÄ‚îÄ‚îÄ‚îÄ‚îÄ‚îÄ‚îÄ‚îÄ‚îÄ‚îÄ‚îÄ‚îÄ‚îÄ‚îÄ‚îÄ‚îÄ‚îÄ‚îÄ‚îÄ‚îº‚îÄ‚îÄ‚îÄ‚îÄ‚îÄ‚îÄ‚îÄ‚îÄ‚îÄ‚îÄ‚îÄ‚îÄ‚îÄ‚îÄ‚îÄ‚îÄ‚îÄ‚î§
LOW           ‚îÇ P1: Fix soon         ‚îÇ P3: Nice to have‚îÇ
SEVERITY      ‚îÇ (Button color wrong  ‚îÇ (Console        ‚îÇ
              ‚îÇ  on main page)       ‚îÇ  warning)       ‚îÇ
              ‚îî‚îÄ‚îÄ‚îÄ‚îÄ‚îÄ‚îÄ‚îÄ‚îÄ‚îÄ‚îÄ‚îÄ‚îÄ‚îÄ‚îÄ‚îÄ‚îÄ‚îÄ‚îÄ‚îÄ‚îÄ‚îÄ‚îÄ‚î¥‚îÄ‚îÄ‚îÄ‚îÄ‚îÄ‚îÄ‚îÄ‚îÄ‚îÄ‚îÄ‚îÄ‚îÄ‚îÄ‚îÄ‚îÄ‚îÄ‚îÄ‚îò
```

**Real Examples:**

**Example 1: Critical Severity, High Priority (P0)**
```
Bug: Payment processing fails for all credit cards
Impact: No revenue, business stopped
Severity: Critical (core functionality broken)
Priority: High (fix immediately, deploy hotfix)
Timeline: Fix within 2 hours
```

**Example 2: Critical Severity, Low Priority (P2)**
```
Bug: Rare promotional code "OLDCODE123" crashes checkout
Impact: Affects 0.01% of users, code expired anyway
Severity: Critical (causes crash)
Priority: Low (remove code from database instead, fix in next release)
Timeline: Fix in next sprint
```

**Example 3: Low Severity, High Priority (P1)**
```
Bug: Company logo missing on homepage
Impact: No functional issue, but brand visibility
Severity: Low (cosmetic)
Priority: High (CEO will notice, fix before board meeting)
Timeline: Fix today
```

**Example 4: Low Severity, Low Priority (P3)**
```
Bug: Tooltip text slightly misaligned on settings page
Impact: Rare page, minor visual issue
Severity: Low
Priority: Low (backlog)
Timeline: Fix when convenient
```

---

### **Module 1.6: Types of Testing (45 min)**

#### **Functional Testing**
Testing what the system does

**Categories:**

**1. Smoke Testing** (Build Verification)
```
Quick test to verify basic functionality works

Example: E-commerce smoke test (15 minutes)
‚úì Homepage loads
‚úì Can login
‚úì Can search products
‚úì Can add to cart
‚úì Can initiate checkout

Purpose: Decide if build is stable enough for detailed testing
When: After each new build/deployment
```

**2. Sanity Testing** (Focused verification)
```
Narrow, deep testing of specific functionality

Example: After fixing "login with email" bug
‚úì Login with valid email ‚úì
‚úì Login with invalid email ‚úì
‚úì Login with email (uppercase) ‚úì
‚úì Login with email (spaces) ‚úì
‚úì SQL injection in email field ‚úì
‚úó Don't test cart, checkout (unrelated)

Purpose: Verify specific fix works
When: After bug fix, before full regression
```

**3. Regression Testing**
```
Ensure new changes didn't break existing functionality

Example: After adding "Guest Checkout" feature

Full Regression Suite (200 test cases):
- Login/Logout (20 cases)
- Product Search (30 cases)
- Shopping Cart (40 cases)
- Checkout - Registered User (50 cases)
- Checkout - Guest User (30 cases) ‚Üê NEW
- Payment Processing (30 cases)

Focus areas:
‚úì All existing checkout flows still work
‚úì Guest checkout doesn't break registered flow
‚úì Cart persistence works for both user types
```

**4. Exploratory Testing**
```
Unscripted testing, learning while testing

Session Charter: "Explore image upload feature for 60 minutes"

What I'll look for:
- File type handling
- File size limits
- Multiple uploads
- Upload cancellation
- Progress indicators
- Error messages

Notes during exploration:
[00:10] Uploaded PNG - works ‚úì
[00:15] Uploaded 50MB file - no size warning ‚ö†Ô∏è
[00:22] Uploaded .exe file - accepted! BUG üêõ
[00:35] Rapid multiple uploads - race condition, one file lost BUG üêõ
[00:45] Progress bar stuck at 99% for large files BUG üêõ

Result: 3 bugs found, filed as SHOP-1240, SHOP-1241, SHOP-1242
```

---

#### **Non-Functional Testing**

**1. Performance Testing**
```
Response time, throughput, resource usage

Example: API Performance Requirements
- Average response time: < 200ms
- 95th percentile: < 500ms
- 99th percentile: < 1000ms
- Throughput: 1000 requests/second

Test: Load 1000 concurrent users for 10 minutes
Results:
Average: 180ms ‚úì
95th: 450ms ‚úì
99th: 1200ms ‚úó FAILS requirement
Throughput: 950 req/sec ‚úó FAILS requirement

Bottleneck found: Database query not indexed
```

**2. Load Testing**
```
System behavior under expected load

Example: E-commerce site during normal traffic
- Expected users: 1000 concurrent
- Test duration: 1 hour
- User actions: Browse (60%), Add to cart (30%), Checkout (10%)

Results:
‚úì All pages load < 3 seconds
‚úì No errors under normal load
‚úì Database CPU: 60% (healthy)
‚úì Application servers: 40% (healthy)
```

**3. Stress Testing**
```
Find breaking point

Example: Push system beyond limits
Start: 1000 users
Increase by 500 every 5 minutes

Results:
1000 users: All good ‚úì
1500 users: Some slow responses (3-4 sec)
2000 users: Occasional errors (5%)
2500 users: Many errors (20%), some timeouts
3000 users: System unresponsive, database locks

Breaking point: 2500 users
Recommendation: Scale infrastructure before reaching 2000 concurrent
```

**4. Usability Testing**
```
Is it user-friendly?

Example: New mobile app navigation

Test: Give 10 users tasks, observe
Task 1: "Find your order history"
- 8/10 users found it < 30 seconds ‚úì
- 2/10 users confused, took 2 minutes ‚úó

Task 2: "Change delivery address"
- 3/10 users found it < 1 minute ‚úó
- 7/10 users gave up, asked for help ‚úó‚úó

Finding: "Change delivery address" needs better visibility
Solution: Add to main menu instead of nested in settings
```

**5. Compatibility Testing**
```
Works across environments

Browser Matrix:
Chrome ‚úì, Firefox ‚úì, Safari ‚úì, Edge ‚úì
IE 11 ‚úó (layout broken)

Mobile:
iOS 16 ‚úì, iOS 15 ‚úì, Android 13 ‚úì, Android 11 ‚úó (crashes)

Screen resolutions:
1920x1080 ‚úì, 1366x768 ‚úì, 375x667 (iPhone) ‚úì
320x568 (small phone) ‚úó (buttons overlap)
```

**6. Security Testing**
```
Protect against attacks

Tests:
‚úì SQL Injection: Tried ' OR '1'='1, properly escaped
‚úì XSS: Tried <script>alert('XSS')</script>, sanitized
‚úó CSRF: No token on state-changing operations BUG
‚úó Password policy: Accepts "123456" BUG
‚úì Session timeout: Works after 30 min inactivity
‚úó API: No rate limiting, vulnerable to DDoS BUG

AFTERNOON SESSION (4 hours): First Real Bug Hunt
PROJECT 1: Breaking Booking.com

Objective: Find 15+ real bugs or UX issues on Booking.com using systematic testing techniques

Setup (15 min):

    Create free account on Booking.com
    Open Chrome DevTools (F12)
    Install extensions:
        Bug Magnet (test data generator)
        Pesticide (show HTML structure)
    Create testing document template

Testing Document Template:
markdown

# Booking.com Testing Session
**Date:** 2025-01-XX
**Tester:** Your Name
**Session Duration:** 3 hours
**Environment:** 
- Browser: Chrome 120.0.6099.130
- OS: Windows 11
- Screen: 1920x1080
- Network: WiFi, ~50 Mbps

## Test Areas
- [ ] Search Functionality
- [ ] Filters
- [ ] Property Details
- [ ] Booking Flow
- [ ] Account Management
- [ ] Mobile Responsiveness

---

## Bugs Found

### BUG-001: [Title]
**Severity:** Critical/Major/Minor/Trivial
**Priority:** High/Medium/Low
**Component:** Search/Filters/Booking/etc

**Steps to Reproduce:**
1. 
2. 
3. 

**Expected Result:**

**Actual Result:**

**Screenshots:**
[Attach here]

**Additional Notes:**


### Test Scenario 1: Search Functionality (45 min)

**Test Cases to Execute:**

**TC-001: Basic Search**

Precondition: On homepage

Steps:
1. Enter "New York" in destination
2. Select dates: Check-in tomorrow, Check-out +2 days
3. Select 2 adults, 0 children
4. Click "Search"

Expected: 
- Results load within 3 seconds
- Shows hotels in New York
- Filters available on left
- Map view available

Test this:
‚úì Does it work? Yes/No
‚úì Response time? ___ seconds
‚úì Number of results? ___
‚ö†Ô∏è Any issues? (Note them)
```

**TC-002: Search with Special Characters**
```
Test data:
- O'Hare Airport
- S√£o Paulo
- Z√ºrich
- <script>alert('xss')</script>
- New York'; DROP TABLE hotels;--

For each:
1. Enter in search
2. Click Search
3. Observe behavior

Look for:
- Does it handle special characters?
- Any errors?
- Any strange behavior?
- XSS or SQL injection vulnerabilities?

EXPECTED BUGS TO FIND:
- Special characters might break search
- XSS payload might not be sanitized
- Apostrophes might cause issues
```

**TC-003: Invalid Search Data**
```
Test these scenarios:
1. Empty search (no destination)
2. Past dates (check-in yesterday)
3. Check-out before check-in
4. 100 adults
5. -1 children
6. Special characters: "????" or "****"
7. Very long destination name (500 characters)

For each, document:
- Is there validation?
- What error message appears?
- Can you bypass validation? (DevTools manipulation)
```

---

**üîç REAL BUGS YOU'LL LIKELY FIND:**

**Bug Example 1: Date Picker Issue**
```
Title: Can select check-out date before check-in date using calendar navigation

Severity: Major
Priority: High

Steps:
1. Open homepage
2. Click date picker
3. Select check-in: Jan 20
4. Navigate calendar to February using arrow
5. Navigate back to January
6. Select check-out: Jan 15 (before check-in)
7. Click Search

Expected: Should show error or prevent selection
Actual: Search proceeds with invalid date range

Impact: Users might create impossible bookings

Screenshot: [Attach image showing Jan 15 checkout, Jan 20 checkin]
```

**Bug Example 2: Search with Emoji**
```
Title: Search with emoji characters causes unexpected behavior

Steps:
1. Enter "New York üóΩüåÜ" in destination
2. Click Search

Expected: Either remove emoji or search for "New York"
Actual: No results found, but also no error message explaining why

Severity: Minor
Priority: Low

Improvement: Add validation message "Special characters not allowed"
```

---

### **Test Scenario 2: Filter Functionality (45 min)**

**TC-010: Multiple Filters**
```
Scenario: Apply multiple filters and verify results

Steps:
1. Search for "London"
2. Apply filters:
   - Price: ¬£50-¬£100
   - Star rating: 4+ stars
   - Free cancellation: Yes
   - Distance from center: < 1 km
3. Scroll through results

Verification:
‚úì Do ALL results match filter criteria?
‚úì Check first 10 results:
   Result 1: ¬£___, ‚≠ê___, Cancellation: ___, Distance: ___
   Result 2: ...
   
‚ö†Ô∏è Look for violations
```

**TC-011: Filter Edge Cases**
```
Test these:
1. Set price filter min = max (¬£50-¬£50)
2. Select ALL meal plan options
3. Select conflicting filters (if any)
4. Remove filters one by one (do results update?)
5. Clear all filters quickly

EXPECTED BUG TO FIND:
- Filters might not apply correctly
- Results might not update
- Price filter might show properties outside range
```

**TC-012: Filter Persistence**
```
Test flow:
1. Apply filters: 4‚≠ê, Free WiFi, Pool
2. Click on a property
3. Click browser back button
4. Check filters

Expected: Filters still applied
Actual: ?

Then:
5. Refresh page (F5)
6. Check filters

Expected: Filters persist (or are in URL)
Actual: ?
```

---

**üîç REAL BUG YOU'LL FIND:**
```
Title: Price filter shows properties outside selected range

Severity: Major
Priority: High
Component: Search/Filters

Steps:
1. Search "Paris"
2. Set price filter: $100-$150
3. Scroll through results
4. Click "Show all prices" button on property cards

Expected: All properties shown should be $100-$150 for selected dates
Actual: Found property showing $189 per night

Root cause: Filter shows "starting from" price, but different dates have different prices

Screenshot: [Attach showing $189 property in $100-$150 filtered results]

Recommendation: Filter should be based on user's selected dates, not lowest available price
```

---

### **Test Scenario 3: Property Details Page (45 min)**

**TC-020: Image Gallery**
```
Test:
1. Open any property
2. Click main image to open gallery
3. Navigate through images:
   - Click next arrow 20 times
   - Click previous arrow
   - Click on thumbnail
   - Use keyboard arrows
   - Swipe on mobile (DevTools)

Look for:
- Do all images load?
- Any broken images?
- Does counter work? (Image 5 of 32)
- Can you navigate past last image?
- Any console errors?
```

**TC-021: Room Selection**
```
Scenario: Select different room options

1. Pick property with multiple room types
2. For each room type, check:
   ‚úì Price displays correctly
   ‚úì Amenities listed
   ‚úì Max occupancy shown
   ‚úì Photos available
3. Try selecting:
   - 1 room
   - 2 rooms of same type
   - Multiple room types
4. Check total price calculation

Test edge cases:
- Select 10 rooms
- Rapidly click "Select room" multiple times
- Select room, go back, select different room
```

**TC-022: Reviews Section**
```
Test:
1. Scroll to reviews
2. Apply review filters:
   - Solo traveler
   - Families
   - Rating: 9+
3. Sort by:
   - Most recent
   - Highest score
   - Lowest score

Verify:
‚úì Do filtered reviews match criteria?
‚úì Does sorting work correctly?
‚úì Read 5 reviews, check if rating matches content

EXPECTED BUG:
- Review filter might not work properly
- Dates might be incorrect
- Translation issues
```

---

**üîç REAL BUG YOU'LL FIND:**
```
Title: Image gallery counter shows wrong total after filtering

Steps:
1. Open property with 50+ photos
2. Open gallery
3. Filter by "Room" photos only (now shows 12 photos)
4. Navigate to last image
5. Observe counter

Expected: Shows "12 of 12"
Actual: Shows "12 of 50"

Severity: Minor
Priority: Low

Additional: When clicking "Next" on image 12, it shows image 13 (from unfiltered set)
This is confusing UX - counter suggests 12 photos but you can access more
```

---

### **Test Scenario 4: Booking Flow (60 min)**

**TC-030: Guest Checkout**
```
Full booking simulation (DON'T actually book):

1. Select property and room
2. Click "Reserve"
3. Enter guest details:
   - First name
   - Last name  
   - Email
   - Phone
4. Enter payment details (use test credit card numbers)
5. Stop before final confirmation

Test variations:
- Leave fields empty (one at a time)
- Enter invalid emails:
  * "invalidemail"
  * "test@"
  * "test@domain"
  * "@domain.com"
  * <script>alert('xss')</script>@test.com
- Enter invalid phone:
  * Letters: "abcd1234"
  * Special chars: "+++++++"
  * Too short: "123"
- Enter invalid names:
  * Numbers: "12345"
  * Very long: 500 characters
  * SQL injection: "Robert'); DROP TABLE users;--"
```

**TC-031: Payment Validation**
```
Test credit card field with:

Valid formats (test cards - DON'T use real):
‚úì 4111 1111 1111 1111 (Visa test)
‚úì 5500 0000 0000 0004 (Mastercard test)

Invalid formats:
‚úó 1234 5678 9012 3456
‚úó 4111-1111-1111-1111 (with dashes)
‚úó 4111111111111111 (no spaces)
‚úó Letters: aaaa bbbb cccc dddd
‚úó Script: <script>alert('xss')</script>

Verify:
- Does validation work?
- What error messages appear?
- Can you bypass client-side validation using DevTools?
```

**TC-032: Total Price Verification**
```
Critical test - verify price calculation:

1. Note room price: $___
2. Number of nights: ___
3. Number of rooms: ___
4. Note taxes/fees: $___
5. Check total: $___

Manual calculation:
(Room price √ó Nights √ó Rooms) + Taxes = Expected total

Does it match shown total? Yes/No

Test edge cases:
- Long stays (30 nights) - does price change?
- Multiple rooms (5+ rooms) - discounts applied?
- Different dates - weekday vs weekend pricing
```

---

**üîç REAL CRITICAL BUG YOU'LL FIND:**
```
Title: Can modify booking total by manipulating request payload

Severity: CRITICAL
Priority: URGENT
Component: Payment Processing

Steps:
1. Add room to cart: $200/night √ó 2 nights = $400
2. Proceed to payment page
3. Open DevTools ‚Üí Network tab
4. Fill payment form but don't submit
5. Right-click on payment request ‚Üí Edit and Resend
6. Change JSON payload: "totalAmount": 400 ‚Üí "totalAmount": 1
7. Send modified request

Expected: Server validates and rejects modified amount
Actual: [NEED TO TEST - might accept modified amount]

Security Impact: HIGH
- Financial loss for business
- Users could book rooms for $1

Recommendation:
- Server MUST recalculate total from:
  * Property ID
  * Room ID  
  * Check-in/check-out dates
  * Number of rooms
- Never trust client-provided total
```

---

### **Test Scenario 5: Mobile Responsiveness (45 min)**

**Setup:**
```
1. Open Chrome DevTools (F12)
2. Click device toolbar icon (Ctrl+Shift+M)
3. Test on multiple devices:
   - iPhone SE (375√ó667)
   - iPhone 12 Pro (390√ó844)
   - iPad (768√ó1024)
   - Samsung Galaxy S20 (360√ó800)
```

**TC-040: Mobile Navigation**
```
For each device size:

1. Check header/navigation:
   ‚úì Is hamburger menu visible?
   ‚úì Does menu open/close properly?
   ‚úì Are all links accessible?
   ‚úì Any overlap with logo?

2. Search functionality:
   ‚úì Can you tap all form fields?
   ‚úì Does mobile keyboard appear correctly?
   ‚úì Date picker mobile-friendly?
   ‚úì Does search button fit on screen?

3. Filter UI:
   ‚úì Filters accessible?
   ‚úì Can apply filters easily?
   ‚úì Does filter sheet open properly?
```

**TC-041: Touch Interactions**
```
Test gestures:
1. Swipe on image gallery (left/right)
2. Pinch to zoom on images
3. Pull down to refresh (if supported)
4. Scroll through long content
5. Tap small elements (buttons, links)

Issues to find:
- Too small touch targets (< 44√ó44 px)
- Overlapping elements
- Gestures not working
- Accidental taps
```

**TC-042: Orientation Change**
```
Test flow:
1. Open property page (portrait)
2. Rotate to landscape (Ctrl+Shift+M, rotate icon)
3. Navigate through page
4. Rotate back to portrait

Check:
‚úì Does layout adjust properly?
‚úì Any elements cut off?
‚úì Does functionality still work?
‚úì Any content hidden?

üîç REAL MOBILE BUG YOU'LL FIND:

Title: Date picker unusable on small mobile screens (iPhone SE)

Severity: Major
Priority: High
Device: iPhone SE 375√ó667

Steps:
1. Open Booking.com on iPhone SE simulation
2. Tap destination field
3. Tap date field
4. Try to select dates from calendar

Expecte

Continue
28 Dec 2025

d: Calendar opens, can easily select dates
Actual:

    Calendar UI overlaps with navigation bar
    "Done" button partially hidden behind safe area
    Month/year navigation arrows too small (< 30px)
    Difficult to tap specific dates without zooming
    Swipe gestures conflict with calendar navigation

Screenshot: [Attach showing overlapping UI elements]

Impact: Users on smaller devices cannot complete booking

Workaround: User must rotate to landscape or zoom manually

Recommendation:

    Implement mobile-optimized date picker
    Use native iOS date picker on mobile
    Increase touch target sizes to minimum 44√ó44 px


---

### **Test Scenario 6: Cross-Browser Testing (30 min)**

**TC-050: Browser Compatibility**

**Test Matrix:**

Feature          | Chrome | Firefox | Safari | Edge
-----------------+--------+---------+--------+------
Search           |   ‚úì    |    ?    |   ?    |  ?
Date Picker      |   ‚úì    |    ?    |   ?    |  ?
Image Gallery    |   ‚úì    |    ?    |   ?    |  ?
Filters          |   ‚úì    |    ?    |   ?    |  ?
Booking Form     |   ‚úì    |    ?    |   ?    |  ?
Animations       |   ‚úì    |    ?    |   ?    |  ?


**How to test without installing browsers:**

**Option 1: LambdaTest (Free tier)**

    Sign up: lambdatest.com (100 minutes free/month)
    Select "Real Time Testing"
    Choose browser: Firefox 121 on Windows 11
    Enter URL: booking.com
    Test same scenarios as Chrome
    Take screenshots of differences


**Option 2: BrowserStack (Free trial)**

    Sign up: browserstack.com (trial available)
    Select browsers to test
    Record session
    Compare results


---

**üîç REAL BROWSER BUG YOU'LL FIND:**

Title: Date picker animation broken in Firefox

Browser: Firefox 121.0
OS: Windows 11

Steps:

    Open booking.com in Firefox
    Click date picker
    Observe opening animation

Expected: Smooth fade-in animation (works in Chrome)
Actual: Calendar appears instantly with no animation

Additional findings:

    CSS transform not applied correctly
    Console warning: "CSS property 'transform-style' ignored"
    Layout shifts slightly on open

Severity: Minor (cosmetic)
Priority: Low

CSS Issue:
.date-picker {
transform-style: preserve-3d; /* Not supported in older Firefox */
}

Recommendation: Use fallback or feature detection


---

### **Test Scenario 7: Performance Testing (30 min)**

**TC-060: Page Load Performance**

**Using Chrome DevTools:**

    Open DevTools (F12)
    Go to "Lighthouse" tab
    Select: ‚úì Performance ‚úì Accessibility
    ‚úì Best Practices ‚úì SEO
    Click "Analyze page load"

Document results:
Performance Score: __/100
First Contentful Paint: __ ms
Largest Contentful Paint: __ ms
Total Blocking Time: __ ms
Cumulative Layout Shift: __
Speed Index: __ ms

Issues found:

    [List issues from Lighthouse report]


**TC-061: Network Performance**

    Open DevTools ‚Üí Network tab
    Refresh page (Ctrl+R)
    Analyze:

Total Requests: ___
Total Size: ___ MB
Finish Time: ___ seconds
DOMContentLoaded: ___ ms
Load: ___ ms

Largest files:

    ___ KB - ___
    ___ KB - ___
    ___ KB - ___

Look for:
‚ö†Ô∏è Images > 500 KB (should be optimized)
‚ö†Ô∏è Too many requests (> 100)
‚ö†Ô∏è Slow API calls (> 1 second)
‚ö†Ô∏è Render-blocking resources


**TC-062: Slow Network Simulation**

    DevTools ‚Üí Network tab
    Change throttling: "Fast 3G"
    Refresh page
    Experience user perspective

Document:

    Page load time: ___ seconds
    When does content appear: ___ seconds
    When is page usable: ___ seconds
    Any timeouts or errors?

Test interactions:

    Search (response time?)
    Filter (how long to apply?)
    Image loading (progressive?)


---

**üîç REAL PERFORMANCE BUG YOU'LL FIND:**

Title: Homepage loads 3.2MB of images on initial load

Severity: Major
Priority: High
Component: Performance

Findings from Lighthouse:
Performance Score: 62/100 (Poor)
Largest Contentful Paint: 4.2s (Should be < 2.5s)

Issues:

    Hero images not optimized
        banner.jpg: 1.8 MB (should be < 200 KB)
        Not using modern formats (WebP, AVIF)
        No lazy loading for below-fold images
    JavaScript bundles too large
        vendor.js: 847 KB
        app.js: 623 KB
        Not code-split
    Render-blocking resources
        6 CSS files blocking render
        3 JavaScript files in <head>

Impact:

    Users on slow connections wait 10+ seconds
    Higher bounce rate
    Poor mobile experience
    Lower SEO ranking

Recommendations:

    Compress images, use WebP
    Implement lazy loading
    Code-split JavaScript
    Defer non-critical CSS
    Use CDN for static assets

Expected improvement: Load time 4.2s ‚Üí 1.5s


---

### **Test Scenario 8: Accessibility Testing (30 min)**

**TC-070: Keyboard Navigation**

Test without using mouse:

    Tab through entire page
        Can you reach all interactive elements?
        Is focus indicator visible?
        Is tab order logical?
    Test specific interactions:
        Open date picker (Enter key)
        Select dates (Arrow keys)
        Submit search (Enter)
        Open filters (Enter)
        Navigate dropdown (Arrow keys, Enter)

Document tab stops:
Stop 1: Skip to content link? ___
Stop 2: Logo (should skip) ___
Stop 3: Destination field ___
Stop 4: Date picker ___
...

Issues found:
‚ö†Ô∏è Can't reach element X with keyboard
‚ö†Ô∏è Focus indicator not visible on element Y
‚ö†Ô∏è Tab order jumps around illogically


**TC-071: Screen Reader Testing**

**Install NVDA (Free, Windows):**

    Download: nvda.org
    Install and run
    Navigate booking.com with NVDA on
    Listen to what's announced

Test:
‚úì Is page structure announced correctly?
‚úì Are headings identified?
‚úì Are buttons labeled properly?
‚úì Are form fields labeled?
‚úì Are error messages read aloud?
‚úì Are images described (alt text)?

Example session notes:
[NVDA]: "Booking.com - heading level 1"
[NVDA]: "Find your next stay - heading level 2"
[NVDA]: "Destination, edit, blank" ‚Üê Good label
[NVDA]: "Edit, blank" ‚Üê Missing label! BUG


**TC-072: Color Contrast**

**Install WAVE Extension:**

    Chrome Web Store ‚Üí Search "WAVE"
    Install WAVE Evaluation Tool
    Navigate to booking.com
    Click WAVE icon
    Review issues

WAVE will flag:

    Low contrast text
    Missing alt text
    Missing form labels
    Empty links/buttons
    Missing page structure

Document findings:
Errors: ___
Contrast errors: ___
Alerts: ___


---

**üîç REAL ACCESSIBILITY BUG YOU'LL FIND:**

Title: Filter checkboxes missing accessible labels

Severity: Major
Priority: High
WCAG Violation: 3.3.2 Labels or Instructions (Level A)

Steps:

    Enable screen reader (NVDA)
    Navigate to search results
    Tab to filters section
    Tab through checkboxes

Expected: Each checkbox announces its purpose
Actual: Screen reader says "Checkbox, unchecked" without label

HTML Issue: <input type="checkbox" id="filter_free_cancellation"> <label>Free cancellation</label>

Problem: Label not associated with input (missing 'for' attribute)

Should be: <input type="checkbox" id="filter_free_cancellation"> <label for="filter_free_cancellation">Free cancellation</label>

Impact:

    Blind users cannot understand filter options
    Fails WCAG 2.1 Level A compliance
    Legal risk in some jurisdictions

Affected filters: 15 filters in sidebar
Priority: High (accessibility lawsuit risk)


---

## **END OF DAY 1 DELIVERABLES**

**By end of Day 1, you should have:**

### **1. Bug Report Document**

**Format (Google Docs or Markdown):**
```markdown
# Booking.com Testing Session Report
**Date:** 2025-01-XX
**Tester:** Your Name
**Session:** 4 hours
**Browser:** Chrome 120 on Windows 11

## Executive Summary
- Total bugs found: 15
- Critical: 1
- Major: 5  
- Minor: 7
- Trivial: 2

## Critical Bugs

### BUG-001: Payment total can be manipulated via DevTools
**Severity:** Critical | **Priority:** Urgent
[Full details as documented above]

## Major Bugs

### BUG-002: Date picker allows invalid date ranges
[Details]

### BUG-003: Price filter shows out-of-range properties
[Details]

### BUG-004: Image gallery counter incorrect after filtering
[Details]

### BUG-005: Accessibility - missing checkbox labels
[Details]

### BUG-006: Mobile date picker unusable on small screens
[Details]

## Minor Bugs
[Details for each]

## Trivial Bugs
[Details for each]

## Performance Issues
- Homepage loads 3.2 MB images
- Lighthouse score: 62/100
[Full details]

## Browser Compatibility Issues
- Firefox: Date picker animation broken
[Details]

## Recommendations
1. Implement server-side total validation (URGENT)
2. Fix date picker validation logic
3. Optimize images for web (WebP, compression)
4. Add ARIA labels to filter checkboxes
5. Mobile-optimize date picker for small screens

## Test Coverage
‚úì Search functionality
‚úì Filter functionality  
‚úì Property details
‚úì Booking flow (simulated)
‚úì Mobile responsiveness
‚úì Cross-browser (Chrome, Firefox)
‚úì Performance
‚úì Accessibility
```

---

### **2. Create GitHub Repository**

**Setup:**
```bash
# Create local folder
mkdir QA-Portfolio
cd QA-Portfolio

# Initialize Git
git init

# Create structure
mkdir -p "Day-01-Bug-Hunt/screenshots"
mkdir -p "Day-01-Bug-Hunt/videos"

# Create README
touch Day-01-Bug-Hunt/README.md
```

**README.md template:**
```markdown
# Day 1: Booking.com Bug Hunt

## Objective
Systematic testing of Booking.com to identify bugs, UX issues, and accessibility problems.

## Testing Scope
- Search functionality
- Filter system
- Property details pages
- Booking flow (simulated)
- Mobile responsiveness
- Cross-browser compatibility
- Performance analysis
- Accessibility compliance

## Methodology
- Exploratory testing
- Equivalence partitioning
- Boundary value analysis
- Negative testing
- Accessibility testing (WCAG 2.1)

## Tools Used
- Chrome DevTools
- WAVE Accessibility Tool
- Lighthouse
- NVDA Screen Reader
- LambdaTest (cross-browser)

## Key Findings
- **15 bugs identified**
- 1 Critical security issue (payment manipulation)
- 5 Major bugs affecting user experience
- Multiple accessibility violations (WCAG Level A)
- Performance issues (3.2 MB page load)

## Bug Reports
[Link to detailed bug reports document]

## Evidence
- [Screenshots folder](./screenshots/)
- [Video recordings](./videos/)

## Skills Demonstrated
‚úÖ Systematic test approach
‚úÖ Security testing mindset
‚úÖ Performance analysis
‚úÖ Accessibility testing
‚úÖ Cross-browser testing
‚úÖ Mobile testing
‚úÖ Professional bug documentation
```

**Commit to GitHub:**
```bash
git add .
git commit -m "Day 1: Booking.com comprehensive bug hunt - 15 bugs found"

# Create repo on GitHub.com, then:
git remote add origin https://github.com/yourusername/QA-Portfolio.git
git push -u origin main
```

---

### **3. LinkedIn Post**

**Template:**

üêõ Day 1 of my 25-Day QA Engineering Bootcamp Complete!

Just finished a comprehensive testing session on a major e-commerce platform. Here's what I found:

üîç Testing scope:

    Search & filter functionality
    Booking flow security
    Mobile responsiveness
    Performance analysis
    Accessibility compliance (WCAG 2.1)

üéØ Results:

    15 bugs documented
    1 CRITICAL security vulnerability (payment manipulation)
    5 major UX issues
    Multiple accessibility violations

üí° Key learning:
Never trust client-side validation! Found that payment totals could be manipulated through DevTools - a critical reminder that security must be server-side.

Tools mastered today:
‚úÖ Chrome DevTools (Network, Performance, Device Mode)
‚úÖ Lighthouse performance audits
‚úÖ WAVE accessibility testing
‚úÖ NVDA screen reader
‚úÖ Cross-browser testing tools

This is just Day 1. 24 more days of intensive learning ahead!

Full bug reports on my GitHub: [link]

#QualityAssurance #SoftwareTesting #BugHunting #WebDevelopment #CyberSecurity #Accessibility #100DaysOfCode

What's the most interesting bug you've found recently? üëá


---

## **EVENING REVIEW (1 hour)**

### **Self-Assessment Checklist:**

Day 1 Learning Objectives:

Theory:
‚úì Understand QA role and responsibilities
‚úì Know SDLC models (Waterfall, Agile, V-Model)
‚úì Differentiate testing levels (Unit, Integration, System, Acceptance)
‚úì Understand bug life cycle
‚úì Know severity vs priority
‚úì Understand types of testing (Functional, Non-functional)

Practical Skills:
‚úì Systematic bug hunting approach
‚úì Using Chrome DevTools for testing
‚úì Mobile responsive testing
‚úì Basic performance analysis
‚úì Accessibility testing basics
‚úì Professional bug documentation

Deliverables Completed:
‚úì 15+ bugs documented
‚úì GitHub repository created
‚úì Bug report document




# **DAY 2: TEST CASE DESIGN MASTERY**

## **MORNING SESSION (4 hours): Test Design Techniques**

### **Module 2.1: Test Case Fundamentals (30 min)**

**What is a Test Case?**

A test case is a set of conditions or variables under which a tester determines whether a system under test satisfies requirements and works correctly.

**Components of a Good Test Case:**

TEST CASE TEMPLATE

Test Case ID: TC-LOGIN-001
Module: User Authentication
Test Title: Login with valid email and password

Preconditions:

    User account exists in system
    Email: testuser@example.com
    Password: TestPass123!
    User is on login page

Test Data:

    Email: testuser@example.com
    Password: TestPass123!

Test Steps:

    Navigate to https://example.com/login
    Enter email in "Email" field
    Enter password in "Password" field
    Click "Login" button

Expected Result:

    User successfully logged in
    Redirected to dashboard page
    Welcome message displays: "Welcome, Test User!"
    Session cookie created
    Logout button visible

Actual Result:
[To be filled during test execution]

Status: [Not Executed/Pass/Fail/Blocked/Skipped]

Priority: High
Severity: Critical

Test Environment:

    Browser: Chrome 120
    OS: Windows 11
    Test URL: https://staging.example.com

Notes:

    Test in incognito mode to avoid cached sessions
    Verify "Remember me" checkbox is optional

Created By: Your Name
Date: 2025-01-XX
Executed By: ___
Execution Date: ___


---

**Test Case Best Practices:**

‚úÖ **DO:**
- Write clear, unambiguous steps
- Use active voice ("Click login button")
- Include all necessary test data
- Specify expected results precisely
- Make test cases independent (not dependent on other tests)
- Include setup (preconditions) and cleanup steps

‚ùå **DON'T:**
- Be vague ("Test login feature")
- Assume knowledge ("Login normally")
- Combine multiple scenarios in one test case
- Skip expected results
- Make tests dependent on execution order

---

**Good vs Bad Test Case Examples:**

**‚ùå Bad Test Case:**

Test Case: Login test
Steps: Login with correct credentials
Expected: Should work


**‚úÖ Good Test Case:**

Test Case ID: TC-LOGIN-001
Title: Successful login with valid email and password

Preconditions:

    Database contains user: email=test@example.com, password=Pass123!
    User is logged out
    Browser cookies cleared

Test Data: Email: test@example.com Password: Pass123!

Steps:

    Open URL: https://app.example.com/login
    Locate "Email" input field (ID: email-input)
    Enter test data email: test@example.com
    Locate "Password" input field (ID: password-input)
    Enter test data password: Pass123!
    Locate "Login" button (ID: login-btn)
    Click "Login" button

Expected Results:
Step 7:

    HTTP 200 response received
    Redirected to /dashboard within 2 seconds
    URL becomes: https://app.example.com/dashboard
    Page displays "Welcome back, Test User"
    Navigation bar shows "Logout" button
    Session token stored in browser (cookies or localStorage)
    Profile icon displays user initials "TU"

Actual Results: [Fill during execution]

Pass/Fail: [Fill during execution]

Priority: P0 (Critical path)
Test Type: Functional, Positive Testing
Environment: Staging
Browser: Chrome 120, Firefox 121
OS: Windows 11, macOS 13


---

### **Module 2.2: Equivalence Partitioning (45 min)**

**Concept:**
Divide input data into groups (partitions) where the system should behave the same way. Test one value from each partition instead of testing every possible value.

**Example: Age Input Field (18-65 allowed)**

**Partitions:**

Invalid partition 1: Age < 18    (Examples: 0, 5, 17)
Valid partition:     Age 18-65   (Examples: 18, 35, 65)
Invalid partition 2: Age > 65    (Examples: 66, 100, 120)


**Test Cases (only 3 needed instead of testing every age):**

TC-AGE-001: Test with age = 17 (Invalid partition 1)
Expected: Error message "Must be 18 or older"

TC-AGE-002: Test with age = 35 (Valid partition)
Expected: Input accepted, proceed to next step

TC-AGE-003: Test with age = 66 (Invalid partition 2)
Expected: Error message "Maximum age is 65"


---

**Real Example: E-commerce Discount Code**

**Requirement:**

Discount codes:

    SAVE10: 10% off orders $50-$100
    SAVE20: 20% off orders $100-$500
    SAVE30: 30% off orders $500+
    WINTER: $15 flat discount, any order


**Equivalence Partitions:**

Code validity:

    Valid codes: SAVE10, SAVE20, SAVE30, WINTER
    Invalid codes: INVALID, EXPIRED123, empty, special chars

Order amount for SAVE10:

    Below minimum: $0-$49.99
    Valid range: $50-$100
    Above range: $100.01+

Order amount for SAVE20:

    Below minimum: $0-$99.99
    Valid range: $100-$500
    Above range: $500.01+


**Test Cases:**

TC-DISC-001: Valid code "SAVE10" with order $75 (valid range)
Expected: 10% discount applied, total = $67.50

TC-DISC-002: Valid code "SAVE10" with order $45 (below minimum)
Expected: Error "Code SAVE10 requires minimum $50 order"

TC-DISC-003: Valid code "SAVE10" with order $150 (above range)
Expected: Error "Code SAVE10 valid for orders up to $100"

TC-DISC-004: Invalid code "EXPIRED" with order $75
Expected: Error "Invalid discount code"

TC-DISC-005: Empty code field with order $75
Expected: Error "Please enter discount code" OR proceeds without discount

TC-DISC-006: Code "WINTER" with order $25
Expected: $15 discount applied, total = $10

TC-DISC-007: Code "WINTER" with order $10
Expected: $15 discount applied, total = $0 OR error "Cannot exceed order total"


---

**Exercise: Apply Equivalence Partitioning**

**Scenario: Password Field Requirements**

Password must:

    Be 8-20 characters long
    Contain at least 1 uppercase letter
    Contain at least 1 lowercase letter
    Contain at least 1 number
    Contain at least 1 special character (!@#$%^&*)


**Your turn - identify partitions:**

Length partitions:

    Too short: ___
    Valid: ___
    Too long: ___

Character type partitions:

    Missing uppercase: ___
    Missing lowercase: ___
    Missing number: ___
    Missing special char: ___
    Has all required types: ___


**Solution:**

TC-PASS-001: Length too short (5 chars) "Ab1!"
Expected: Error "Password must be at least 8 characters"

TC-PASS-002: Length valid (12 chars), all requirements "Password123!"
Expected: Password accepted

TC-PASS-003: Length too long (25 chars) "Password123!ExtraCharacters"
Expected: Error "Password must be maximum 20 characters"

TC-PASS-004: Valid length, missing uppercase "password123!"
Expected: Error "Password must contain uppercase letter"

TC-PASS-005: Valid length, missing lowercase "PASSWORD123!"
Expected: Error "Password must contain lowercase letter"

TC-PASS-006: Valid length, missing number "Password!!!"
Expected: Error "Password must contain number"

TC-PASS-007: Valid length, missing special char "Password123"
Expected: Error "Password must contain special character"

TC-PASS-008: Valid length, all requirements "MyPass123!"
Expected: Password accepted


---

### **Module 2.3: Boundary Value Analysis (45 min)**

**Concept:**
Bugs often occur at boundaries. Test at the edge of equivalence partitions.

**Boundary Testing Rules:**

For range A to B, test:

    Just below A (A-1)
    Exactly A
    Just above A (A+1)
    Middle value
    Just below B (B-1)
    Exactly B
    Just above B (B+1)


**Example: Quantity Field (1-10 items allowed)**

**Boundaries:**

Lower boundary = 1
Upper boundary = 10

Test values:
0  (lower boundary - 1) ‚ùå
1  (lower boundary)     ‚úì
2  (lower boundary + 1) ‚úì
5  (middle value)       ‚úì
9  (upper boundary - 1) ‚úì
10 (upper boundary)     ‚úì
11 (upper boundary + 1) ‚ùå


**Test Cases:**

TC-QTY-001: Quantity = 0
Input: 0
Expected: Error "Minimum quantity is 1" OR field doesn't accept 0

TC-QTY-002: Quantity = 1
Input: 1
Expected: Accepted, can add to cart

TC-QTY-003: Quantity = 2
Input: 2
Expected: Accepted, can add to cart

TC-QTY-004: Quantity = 10
Input: 10
Expected: Accepted, can add to cart

TC-QTY-005: Quantity = 11
Input: 11
Expected: Error "Maximum quantity is 10" OR field doesn't accept 11

TC-QTY-006: Quantity = -1
Input: -1
Expected: Error "Quantity must be positive" OR field doesn't accept negative

TC-QTY-007: Quantity = 999
Input: 999
Expected: Error "Maximum quantity is 10"


---

**Real Example: Flight Booking - Passenger Age**

**Business Rules:**

Infant: 0-2 years (lap child, no seat)
Child: 2-12 years (discounted fare)
Adult: 12-64 years (standard fare)
Senior: 65+ years (discounted fare)


**Boundary Values to Test:**

Boundaries: 0, 2, 12, 65

Test cases:
TC-AGE-001: Age = -1 (invalid)
Expected: Error "Invalid age"

TC-AGE-002: Age = 0 (infant lower boundary)
Expected: Classified as Infant, no seat assigned

TC-AGE-003: Age = 1 (infant middle)
Expected: Classified as Infant

TC-AGE-004: Age = 2 (boundary: infant/child)
Expected: Class ified as Child (or Infant - clarify requirement!)
üö® This is a critical test! Business must decide: is 2 infant or child?

TC-AGE-005: Age = 3 (child confirmed)
Expected: Classified as Child, child fare applied

TC-AGE-006: Age = 11 (child upper boundary - 1)
Expected: Classified as Child

TC-AGE-007: Age = 12 (boundary: child/adult)
Expected: Classified as Adult (or Child - clarify!)
üö® Critical boundary!

TC-AGE-008: Age = 13 (adult confirmed)
Expected: Classified as Adult, standard fare

TC-AGE-009: Age = 64 (adult upper boundary)
Expected: Classified as Adult

TC-AGE-010: Age = 65 (boundary: adult/senior)
Expected: Classified as Senior, senior discount applied

TC-AGE-011: Age = 66 (senior confirmed)
Expected: Classified as Senior

TC-AGE-012: Age = 120 (extreme value)
Expected: Either accepted or error "Please verify age"


**Key Learning:**
Boundary testing often reveals ambiguous requirements! Age 2 and 12 need clarification from business.

---

**Exercise: Boundary Value Analysis**

**Scenario: Hotel Room Booking Dates**

Requirement:

    Can book 1-30 days in advance
    Can book for 1-14 nights stay
    Cannot book past dates


**Your turn - identify boundaries and test values:**

Days in advance boundaries: ___
Test values: ___

Nights stay boundaries: ___
Test values: ___

Write 10 test cases covering all boundaries.


**Solution:**

Days in advance: 1 to 30
Boundaries: 1, 30

TC-BOOK-001: Book for today (0 days advance)
Expected: Error "Must book at least 1 day in advance"

TC-BOOK-002: Book for tomorrow (1 day advance - lower boundary)
Expected: Booking accepted

TC-BOOK-003: Book for day after (2 days advance)
Expected: Booking accepted

TC-BOOK-004: Book for 30 days future (upper boundary)
Expected: Booking accepted

TC-BOOK-005: Book for 31 days future (upper boundary + 1)
Expected: Error "Can only book up to 30 days in advance"

Nights stay: 1 to 14
Boundaries: 1, 14

TC-BOOK-006: Stay duration 0 nights
Expected: Error "Minimum stay is 1 night"

TC-BOOK-007: Stay duration 1 night (lower boundary)
Expected: Booking accepted

TC-BOOK-008: Stay duration 2 nights
Expected: Booking accepted

TC-BOOK-009: Stay duration 14 nights (upper boundary)
Expected: Booking accepted

TC-BOOK-010: Stay duration 15 nights (upper boundary + 1)
Expected: Error "Maximum stay is 14 nights"

TC-BOOK-011: Check-in yesterday (past date)
Expected: Error "Cannot book past dates"

TC-BOOK-012: Check-in today
Expected: Error OR accepted (depends on time of day - business rule needed)


---

### **Module 2.4: Decision Table Testing (60 min)**

**Concept:**
For testing complex business rules with multiple conditions and different actions based on combinations of conditions.

**When to Use:**
- Multiple input conditions
- Different combinations produce different outcomes
- Complex business logic

**Example: Loan Approval System**

**Business Rules:**

Loan approved IF:

    Credit score >= 700 AND
    Income >= $50,000 AND
    Debt-to-income ratio < 40%

Special cases:

    Existing customer with good history: Credit score >= 650
    High income (>$150k): Debt ratio can be up to 45%


**Decision Table:**

Conditions               | Rule1 | Rule2 | Rule3 | Rule4 | Rule5 | Rule6
------------------------+-------+-------+-------+-------+-------+-------
Credit Score >= 700     |   Y   |   Y   |   Y   |   N   |   Y   |   N
Income >= $50,000       |   Y   |   Y   |   N   |   Y   |   N   |   N
Debt Ratio < 40%        |   Y   |   N   |   Y   |   Y   |   Y   |   Y
------------------------+-------+-------+-------+-------+-------+-------
Actions                 |       |       |       |       |       |
------------------------+-------+-------+-------+-------+-------+-------
Approve Loan            |   X   |       |       |       |       |
Reject - High Debt      |       |   X   |       |       |       |
Reject - Low Income     |       |       |   X   |       |   X   |
Reject - Poor Credit    |       |       |       |   X   |       |   X
Reject - Multiple       |       |       |       |       |       |


**Test Cases from Decision Table:**

TC-LOAN-001: Rule 1 - All conditions met
Input:

    Credit Score: 750
    Income: $75,000
    Debt Ratio: 35% Expected: Loan APPROVED

TC-LOAN-002: Rule 2 - High debt ratio
Input:

    Credit Score: 750
    Income: $75,000
    Debt Ratio: 45% Expected: Loan REJECTED - "Debt-to-income ratio too high"

TC-LOAN-003: Rule 3 - Low income
Input:

    Credit Score: 750
    Income: $45,000
    Debt Ratio: 35% Expected: Loan REJECTED - "Insufficient income"

TC-LOAN-004: Rule 4 - Poor credit
Input:

    Credit Score: 650
    Income: $

Continue
28 Dec 2025

$75,000

    Debt Ratio: 35% Expected: Loan REJECTED - "Credit score below minimum requirement"

TC-LOAN-005: Rule 5 - Good credit, low income, good debt ratio
Input:

    Credit Score: 750
    Income: $45,000
    Debt Ratio: 35% Expected: Loan REJECTED - "Insufficient income"

TC-LOAN-006: Rule 6 - Multiple failures
Input:

    Credit Score: 650
    Income: $45,000
    Debt Ratio: 35% Expected: Loan REJECTED - "Credit score and income do not meet requirements"


---

**Real-World Example: E-commerce Shipping Cost Calculator**

**Business Rules:**

Shipping cost depends on:

    Order total
    Shipping speed
    Customer membership status

Rules:

    Free shipping: Order > $50 AND (Standard shipping OR Prime member)
    Prime member: Free 2-day shipping on any order
    Standard rates:
        Order $0-$25: $7.99 (Standard), $15.99 (Express)
        Order $25-$50: $5.99 (Standard), $12.99 (Express)
        Order > $50: $0 (Standard), $9.99 (Express)


**Decision Table:**

Conditions              | R1 | R2 | R3 | R4 | R5 | R6 | R7 | R8
-----------------------+----+----+----+----+----+----+----+----
Order <= $25           | Y  | Y  | Y  | Y  | N  | N  | N  | N
Order $25-$50          | N  | N  | N  | N  | Y  | Y  | Y  | Y
Order > $50            | N  | N  | N  | N  | N  | N  | N  | N
Standard Shipping      | Y  | Y  | N  | N  | Y  | Y  | N  | N
Express Shipping       | N  | N  | Y  | Y  | N  | N  | Y  | Y
Prime Member           | N  | Y  | N  | Y  | N  | Y  | N  | Y
-----------------------+----+----+----+----+----+----+----+----
Shipping Cost          |    |    |    |    |    |    |    |
$7.99                  | X  |    |    |    |    |    |    |
$0 (Free)              |    | X  |    | X  |    | X  |    | X
$15.99                 |    |    | X  |    |    |    |    |
$5.99                  |    |    |    |    | X  |    |    |
$12.99                 |    |    |    |    |    |    | X  |


**Test Cases:**

TC-SHIP-001: Small order, Standard, Non-Prime (R1)
Input: Order=$20, Speed=Standard, Prime=No
Expected: Shipping = $7.99
Total = $20 + $7.99 = $27.99

TC-SHIP-002: Small order, Standard, Prime (R2)
Input: Order=$20, Speed=Standard, Prime=Yes
Expected: Shipping = FREE (Prime benefit)
Total = $20.00

TC-SHIP-003: Small order, Express, Non-Prime (R3)
Input: Order=$20, Speed=Express, Prime=No
Expected: Shipping = $15.99
Total = $20 + $15.99 = $35.99

TC-SHIP-004: Small order, Express, Prime (R4)
Input: Order=$20, Speed=Express, Prime=Yes
Expected: Shipping = FREE (Prime benefit applies to any speed)
Total = $20.00

TC-SHIP-005: Medium order, Standard, Non-Prime (R5)
Input: Order=$40, Speed=Standard, Prime=No
Expected: Shipping = $5.99
Total = $40 + $5.99 = $45.99

TC-SHIP-006: Medium order, Standard, Prime (R6)
Input: Order=$40, Speed=Standard, Prime=Yes
Expected: Shipping = FREE (Prime benefit)
Total = $40.00

TC-SHIP-007: Medium order, Express, Non-Prime (R7)
Input: Order=$40, Speed=Express, Prime=No
Expected: Shipping = $12.99
Total = $40 + $12.99 = $52.99

TC-SHIP-008: Medium order, Express, Prime (R8)
Input: Order=$40, Speed=Express, Prime=Yes
Expected: Shipping = FREE (Prime benefit)
Total = $40.00

TC-SHIP-009: Large order, Standard, Non-Prime
Input: Order=$60, Speed=Standard, Prime=No
Expected: Shipping = FREE (over $50 threshold)
Total = $60.00

TC-SHIP-010: Large order, Express, Non-Prime
Input: Order=$60, Speed=Express, Prime=No
Expected: Shipping = $9.99
Total = $60 + $9.99 = $69.99

TC-SHIP-011: Large order, Any speed, Prime
Input: Order=$60, Speed=Any, Prime=Yes
Expected: Shipping = FREE (Prime benefit)
Total = $60.00


---

### **Module 2.5: State Transition Testing (45 min)**

**Concept:**
Test how a system behaves when transitioning between different states based on events/inputs.

**When to Use:**
- System has distinct states
- Behavior changes based on current state
- Events trigger state changes

**Example: Order Status Workflow**

**States:**

    Pending Payment
    Payment Confirmed
    Processing
    Shipped
    Delivered
    Cancelled
    Refunded


**State Transition Diagram:**

‚îå‚îÄ‚îÄ‚îÄ‚îÄ‚îÄ‚îÄ‚îÄ‚îÄ‚îÄ‚îÄ‚îÄ‚îÄ‚îÄ‚îê
‚îÇ   Pending   ‚îÇ
‚îÇ   Payment   ‚îÇ
‚îî‚îÄ‚îÄ‚îÄ‚îÄ‚îÄ‚îÄ‚î¨‚îÄ‚îÄ‚îÄ‚îÄ‚îÄ‚îÄ‚îò
       ‚îÇ Payment Received
       ‚Üì
‚îå‚îÄ‚îÄ‚îÄ‚îÄ‚îÄ‚îÄ‚îÄ‚îÄ‚îÄ‚îÄ‚îÄ‚îÄ‚îÄ‚îê
‚îÇ   Payment   ‚îÇ‚îÄ‚îÄ‚îÄ‚îÄ‚îÄ‚îÄ‚Üí Cancel ‚îÄ‚îÄ‚Üí Refunded
‚îÇ  Confirmed  ‚îÇ
‚îî‚îÄ‚îÄ‚îÄ‚îÄ‚îÄ‚îÄ‚î¨‚îÄ‚îÄ‚îÄ‚îÄ‚îÄ‚îÄ‚îò
       ‚îÇ Start Processing
       ‚Üì
‚îå‚îÄ‚îÄ‚îÄ‚îÄ‚îÄ‚îÄ‚îÄ‚îÄ‚îÄ‚îÄ‚îÄ‚îÄ‚îÄ‚îê
‚îÇ Processing  ‚îÇ‚îÄ‚îÄ‚îÄ‚îÄ‚îÄ‚îÄ‚Üí Cancel ‚îÄ‚îÄ‚Üí Refunded
‚îî‚îÄ‚îÄ‚îÄ‚îÄ‚îÄ‚îÄ‚î¨‚îÄ‚îÄ‚îÄ‚îÄ‚îÄ‚îÄ‚îò
       ‚îÇ Dispatch
       ‚Üì
‚îå‚îÄ‚îÄ‚îÄ‚îÄ‚îÄ‚îÄ‚îÄ‚îÄ‚îÄ‚îÄ‚îÄ‚îÄ‚îÄ‚îê
‚îÇ   Shipped   ‚îÇ
‚îî‚îÄ‚îÄ‚îÄ‚îÄ‚îÄ‚îÄ‚î¨‚îÄ‚îÄ‚îÄ‚îÄ‚îÄ‚îÄ‚îò
       ‚îÇ Delivery Confirmed
       ‚Üì
‚îå‚îÄ‚îÄ‚îÄ‚îÄ‚îÄ‚îÄ‚îÄ‚îÄ‚îÄ‚îÄ‚îÄ‚îÄ‚îÄ‚îê
‚îÇ  Delivered  ‚îÇ‚îÄ‚îÄ‚îÄ‚îÄ‚îÄ‚îÄ‚Üí Return ‚îÄ‚îÄ‚Üí Refunded
‚îî‚îÄ‚îÄ‚îÄ‚îÄ‚îÄ‚îÄ‚îÄ‚îÄ‚îÄ‚îÄ‚îÄ‚îÄ‚îÄ‚îò


**State Transition Table:**

Current State    | Event              | Next State        | Actions
-----------------+--------------------+-------------------+------------------
Pending Payment  | Payment Received   | Payment Confirmed | Send confirmation email
Pending Payment  | Cancel Order       | Cancelled         | Release reserved items
Payment Confirmed| Start Processing   | Processing        | Notify warehouse
Payment Confirmed| Cancel Order       | Refunded          | Process refund
Processing       | Dispatch Order     | Shipped           | Send tracking number
Processing       | Cancel Order       | Refunded          | Stop processing, refund
Shipped          | Delivery Confirmed | Delivered         | Request review
Delivered        | Return Request     | Refunded          | Create return label


**Test Cases - Valid Transitions:**

TC-STATE-001: Pending ‚Üí Payment Confirmed
Precondition: Order in "Pending Payment" state
Action: Submit payment (credit card approved)
Expected:

    State changes to "Payment Confirmed"
    Confirmation email sent
    Payment receipt generated
    Order summary page shows "Payment Confirmed"

TC-STATE-002: Payment Confirmed ‚Üí Processing
Precondition: Order in "Payment Confirmed" state
Action: Warehouse starts processing order
Expected:

    State changes to "Processing"
    Customer receives "We're preparing your order" email
    Items reserved in inventory
    Estimated processing time displayed

TC-STATE-003: Processing ‚Üí Shipped
Precondition: Order in "Processing" state
Action: Order dispatched by warehouse
Expected:

    State changes to "Shipped"
    Tracking number generated and sent to customer
    Estimated delivery date shown
    Inventory updated

TC-STATE-004: Shipped ‚Üí Delivered
Precondition: Order in "Shipped" state
Action: Delivery confirmed by courier
Expected:

    State changes to "Delivered"
    Customer receives delivery confirmation
    Review request sent after 3 days
    Return window starts (30 days)


**Test Cases - Invalid Transitions (Negative Testing):**

TC-STATE-NEG-001: Try to ship order still in "Pending Payment"
Precondition: Order in "Pending Payment" state
Action: Attempt to mark as "Shipped"
Expected:

    Error: "Cannot ship order without payment confirmation"
    State remains "Pending Payment"
    No shipping notification sent

TC-STATE-NEG-002: Try to cancel order already "Delivered"
Precondition: Order in "Delivered" state
Action: Attempt to cancel order
Expected:

    Error: "Cannot cancel delivered order. Please request return instead"
    State remains "Delivered"
    Shows "Request Return" button instead

TC-STATE-NEG-003: Try to confirm delivery for order in "Processing"
Precondition: Order in "Processing" state
Action: Attempt to mark as "Delivered"
Expected:

    Error: "Order must be shipped before delivery confirmation"
    State remains "Processing"
    Invalid state transition logged

TC-STATE-NEG-004: Try to process refund for "Pending Payment" order
Precondition: Order in "Pending Payment" state
Action: Attempt to issue refund
Expected:

    Error: "No payment received. Order will be cancelled instead."
    State changes to "Cancelled" (not Refunded)
    No refund processed


**Test Cases - Edge Cases:**

TC-STATE-EDGE-001: Multiple rapid state changes
Precondition: Order in "Payment Confirmed"
Actions (rapid succession):

    Click "Cancel Order"
    Immediately, warehouse starts processing Expected:

    System should handle race condition
    Either: Cancellation succeeds (prevents processing)
    Or: Processing succeeds (prevents cancellation)
    One action must be rejected with clear error
    No orphaned state

TC-STATE-EDGE-002: Payment confirmation timeout
Precondition: Order in "Pending Payment" for 24 hours
Action: Time passes, no payment received
Expected:

    Auto-transition to "Cancelled" after 24 hours
    Inventory released
    Customer notified: "Your order was cancelled due to payment timeout"

TC-STATE-EDGE-003: Lost shipment scenario
Precondition: Order "Shipped" for 30 days, no delivery
Action: Customer reports non-delivery
Expected:

    System allows re-shipment or refund
    Investigation workflow triggered
    State: "Shipped - Under Investigation"
    Customer service can manually transition to "Refunded"


---

**Real Example: User Account States**

**States:**

    Not Registered
    Registered (email unverified)
    Active
    Suspended
    Locked (too many login attempts)
    Deactivated (user requested)
    Deleted


**State Transitions:**

Not Registered ‚Üí Registered: User completes signup form
Registered ‚Üí Active: User clicks verification link in email
Registered ‚Üí Deleted: Verification not completed in 7 days

Active ‚Üí Suspended: Admin action (violation of terms)
Active ‚Üí Locked: 5 failed login attempts within 15 minutes
Active ‚Üí Deactivated: User chooses to deactivate account

Locked ‚Üí Active: Wait 30 minutes OR password reset
Suspended ‚Üí Active: Admin reinstates account
Deactivated ‚Üí Active: User reactivates within 30 days
Deactivated ‚Üí Deleted: 30 days pass without reactivation


**Test Cases:**

TC-USER-001: Registration to Active (Happy Path)

    User registers with email test@example.com Expected: State = "Registered", verification email sent
    User clicks verification link Expected: State = "Active", can login

TC-USER-002: Account locking mechanism

    User account in "Active" state
    Attempt login with wrong password (5 times) Attempt 1: Error "Incorrect password" Attempt 2: Error "Incorrect password" Attempt 3: Error "Incorrect password" Attempt 4: Error "Incorrect password, 1 attempt remaining" Attempt 5: Error "Account locked for 30 minutes"
    Expected: State = "Locked"
    Attempt login with correct password Expected: Error "Account locked. Try again in 30 minutes"
    Wait 30 minutes
    Login with correct password Expected: State = "Active", successful login

TC-USER-003: Invalid state transition

    User account in "Suspended" state
    User attempts to login Expected: Error "Account suspended. Contact support."
    User attempts password reset Expected: Error "Account suspended. Cannot reset password."
    State remains "Suspended"

TC-USER-004: Deactivation and reactivation window

    User in "Active" state
    User clicks "Deactivate Account" Expected: State = "Deactivated", confirmation email sent
    User attempts login after 15 days Expected: Prompt to reactivate account
    User clicks "Reactivate" Expected: State = "Active", welcome back email
    New scenario: User deactivates, waits 31 days Expected: State = "Deleted", cannot reactivate, must register again



**3. Practice Exercise:**

**Design 10 test cases for this requirement:**

ATM Withdrawal System

Requirements:

    User can withdraw $20, $50, $100, $200, or custom amount
    Daily withdrawal limit: $1000
    Account must have sufficient balance
    Machine dispenses only $20 bills
    PIN required for authentication (3 attempts max)
    Session timeout: 2 minutes of inactivity

Design test cases using:

    Equivalence Partitioning (3 cases)
    Boundary Value Analysis (4 cases)
    State Transition (3 cases)


## **Day 2 Self-Assessment**

Learning Objectives:

Theory:
‚úì Understand test case structure and components
‚úì Master equivalence partitioning technique
‚úì Master boundary value analysis
‚úì Understand decision table testing
‚úì Understand state transition testing
‚úì Know when to apply each technique

Practical Skills:
‚úì Write professional test cases
‚úì Apply systematic test design
‚úì Prioritize test cases by risk
‚úì Create test documentation
‚úì Build traceability matrix
‚úì Design comprehensive test suite

Deliverables:
‚úì 55+ test cases documented
‚úì Test summary report
‚úì GitHub updated
‚úì LinkedIn post published

Confidence Level (1-10):

    Equivalence Partitioning: ___
    Boundary Value Analysis: ___
    Decision Table Testing: ___
    State Transition Testing: ___
    Overall test case writing: ___


